<testsuites id="" name="" tests="1" failures="1" skipped="0" errors="0" time="16.83861">
<testsuite name="amazon.test.ts" timestamp="2023-12-20T06:20:32.110Z" hostname="chromium" tests="1" failures="1" skipped="0" time="11.3" errors="0">
<testcase name="Launch" classname="amazon.test.ts" time="11.3">
<failure message="amazon.test.ts:2:5 Launch" type="FAILURE">
<![CDATA[  [chromium] › amazon.test.ts:2:5 › Launch ─────────────────────────────────────────────────────────

    Error: page.click: Target page, context or browser has been closed
    Call log:
      - waiting for locator('//span[contains(text(),\'Cart\')]')
      -   locator resolved to <span aria-hidden="true" class="nav-line-2">…</span>
      - attempting click action
      -   waiting for element to be visible, enabled and stable


       at ..\base\base.ts:11

       9 |     }
      10 |     async toClick(text:string):Promise<void>{
    > 11 |         await this.page.click(text);
         |                         ^
      12 |     }
      13 |     async getText(selector:string):Promise<string>{
      14 |       return await this.page.innerText(selector);

        at Base.toClick (C:\Users\Axess\Amazon\base\base.ts:11:25)
        at HomePage.clickCartButton (C:\Users\Axess\Amazon\pages\HomePage\homePage.ts:14:25)
        at Amazon.verifyCartTextAndDeliveryPopup (C:\Users\Axess\Amazon\steps\amazonStep.ts:27:29)
        at C:\Users\Axess\Amazon\tests\amazon.test.ts:4:22
]]>
</failure>
</testcase>
</testsuite>
</testsuites>